     1                                  ; haribote-ipl
     2                                  ; TAB=4
     3                                  
     4                                      CYLS	EQU		18		; 声明CYLS=10类似于#define CYLS 10， 设置加载10个柱面，一张软盘有80个柱面，2个磁头，18个扇区，且一个扇区有512个字节。
     5                                      ORG		0x7c00			; 指明程序装载地址,ref(http://www.ruanyifeng.com/blog/2015/09/0x7c00.html)
     6                                  
     7                                  ; 标准FAT12格式软盘专用的代码 Stand FAT12 format floppy code
     8                                  
     9 00000000 EB4E                        JMP		entry           ; jump to entry(JMP = 0xeb, entry = 0x4e)
    10 00000002 90                          DB		0x90            ; FAT12 固定数值
    11 00000003 48415249424F5445            DB		"HARIBOTE"		; 启动扇区名称（必须为8字节）
    12 0000000B 0002                        DW		512				; 每个扇区（sector）大小（必须512字节）
    13 0000000D 01                          DB		1				; 簇（cluster）大小（必须为1个扇区）
    14 0000000E 0100                        DW		1				; FAT起始位置（一般为第一个扇区）
    15 00000010 02                          DB		2				; FAT个数（必须为2）
    16 00000011 E000                        DW		224				; 根目录大小（一般为224项）
    17 00000013 400B                        DW		2880			; 该磁盘大小（必须为2880扇区1440*1024/512）
    18 00000015 F0                          DB		0xf0			; 磁盘类型（必须为0xf0）
    19 00000016 0900                        DW		9				; FAT的长度（必??9扇区）
    20 00000018 1200                        DW		18				; 一个磁道（track）有几个扇区（必须为18）
    21 0000001A 0200                        DW		2				; 磁头数（必??2）
    22 0000001C 00000000                    DD		0				; 不使用分区，必须是0
    23 00000020 400B0000                    DD		2880			; 重写一次磁盘大小
    24 00000024 000029                      DB		0,0,0x29		; 意义不明（固定）
    25 00000027 FFFFFFFF                    DD		0xffffffff		; （可能是）卷标号码
    26 0000002B 48415249424F54454F-         DB		"HARIBOTEOS "	; 磁盘的名称（必须为11字，不足填空格）
    26 00000034 5320               
    27 00000036 4641543132202020            DB		"FAT12   "		; 磁盘格式名称（必需为8字?，不足填空格）
    28 0000003E 00<rept>                    TIMES	18 DB 0x00				; 先空出18字节
    29                                  
    30                                  ; 程序主体
    31                                  entry:
    32 00000050 B80000                      MOV     AX,0   ;初始化寄存器
    33 00000053 BB0000                      MOV     BX,0
    34                                      ; 构造栈SS:
    35 00000056 8ED0                        MOV     SS,AX   
    36 00000058 BC007C                      MOV     SP,0x7c00 ; 设置栈区间栈的最大地址为0x7c00
    37 0000005B 8ED8                        MOV     DS,AX   ;  设置DS=0，可以直接使用[adress]代表地址。Address = DS x 16 + [number] => Address = [number]
    38 0000005D B82008                      MOV     AX,0x0820    
    39 00000060 8EC0                        MOV     ES,AX   ; 设置磁盘缓冲区地址，也就是我们要把从软盘读出的数据装载到内存的位置。ES x 16 + BX=0x8200
    40 00000062 B500                        MOV     CH,0    ;柱面0
    41 00000064 B600                        MOV     DH,0    ;磁头0
    42 00000066 B102                        MOV     CL,2    ;扇区2
    43                                  
    44                                  readloop:
    45 00000068 BE0000                      MOV     SI,0    ;记录失败次数的寄存器
    46                                  
    47                                  retry:
    48 0000006B B402                        MOV     AH,0x02 ; 读盘设置，（AH = 0x03 写盘设置）
    49 0000006D B001                        MOV     AL,1    ; 1个扇区，设置处理对象的扇区数
    50 0000006F BB0000                      MOV     BX,0    ; ES:BX 缓冲地址
    51 00000072 B200                        MOV     DL,0x00     ;A驱动
    52 00000074 CD13                        INT     0x13        ;启用中断，调用磁盘BIOS
    53 00000076 7310                        JNC     next        ;CF = 0， 没有出错则跳转到next
    54 00000078 83C601                      ADD     SI,1        ;出错SI加1
    55 0000007B 83FE05                      CMP     SI,5        ;比较出错次数达到5次
    56 0000007E 7332                        JAE     error       ; SI >= 5 跳转到error
    57 00000080 B400                        MOV     AH,0x00
    58 00000082 B200                        MOV     DL,0x00     ;A驱动器
    59 00000084 CD13                        INT     0x13
    60 00000086 EBE3                        JMP     retry
    61                                  next:
    62 00000088 8CC0                        MOV     AX,ES       ;把内存地址后移0x200(512/16)
    63 0000008A 83C020                      ADD     AX,0x0020
    64 0000008D 8EC0                        MOV     ES,AX       ;ADD ES,0x020因为不能ADD ES
    65 0000008F 80C101                      ADD     CL,1
    66 00000092 80F912                      CMP     CL,18
    67 00000095 76D1                        JBE     readloop
    68 00000097 B101                        MOV     CL,1
    69 00000099 80C601                      ADD     DH,1
    70 0000009C 80FE02                      CMP     DH,2
    71 0000009F 72C7                        JB      readloop
    72 000000A1 B600                        MOV     DH,0
    73 000000A3 80C501                      ADD     CH,1
    74 000000A6 80FD12                      CMP     CH,CYLS
    75 000000A9 72BD                        JB      readloop
    76                                      ;跳转到sysinit
    77 000000AB 882EF00F                    MOV     [0x0ff0],CH
    78 000000AF E9(0082)                    JMP     0x8200
    79                                  
    80                                  error:
    81 000000B2 BE[CA00]                    MOV     SI,errormsg
    82                                  
    83                                  putloop:
    84 000000B5 8A04                        MOV     AL,[SI]
    85 000000B7 83C601                      ADD     SI,1
    86 000000BA 3C00                        CMP     AL,0
    87 000000BC 7409                        JE      fin
    88 000000BE B40E                        MOV     AH,0x0e
    89 000000C0 BB0F00                      MOV     BX,15
    90 000000C3 CD10                        INT     0x10        ;调用显卡BIOS
    91 000000C5 EBEE                        JMP     putloop
    92                                  
    93                                  fin:
    94 000000C7 F4                          HLT     ; 让CPU停止，等待指令
    95 000000C8 EBFD                        JMP     fin ; 无限循环
    96                                  
    97                                  errormsg:
    98 000000CA 0A0A                        DB      0x0a,0x0a
    99 000000CC 6C6F61642C6572726F-         DB      "load,error"
    99 000000D5 72                 
   100 000000D6 0A                          DB      0x0a
   101 000000D7 00                          DB      0
   102                                  
   103 000000D8 00<rept>                    TIMES    510-($-$$) DB 0x00    ; ref:https://zhuanlan.zhihu.com/p/353391541
   104                                  
   105 000001FE 55AA                        DB      0x55,0xaa
