C51 COMPILER V9.54   DIGITALTUBE                                                           05/23/2022 08:48:23 PAGE 1   


C51 COMPILER V9.54, COMPILATION OF MODULE DIGITALTUBE
OBJECT MODULE PLACED IN .\Objects\DigitalTube.obj
COMPILER INVOKED BY: D:\Keil5\C51\BIN\C51.EXE DigitalTube.c OPTIMIZE(8,SPEED) BROWSE DEBUG OBJECTEXTEND PRINT(.\Listings
                    -\DigitalTube.lst) TABS(2) OBJECT(.\Objects\DigitalTube.obj)

line level    source

   1          #include <REGX52.H>
   2          #include "DigitalTube.h"
   3          #include "TimeDelay.h"
   4          
   5          void setSingleDigit()
   6          {
   7   1        DigitalTubeSelect_0 = 0;
   8   1        DigitalTubeSelect_1 = 0;
   9   1        DigitalTubeSelect_2 = 0;
  10   1      }
  11          
  12          void setTenDigit()
  13          {
  14   1        DigitalTubeSelect_0 = 1;
  15   1        DigitalTubeSelect_1 = 0;
  16   1        DigitalTubeSelect_2 = 0;
  17   1      }
  18            
  19          void setHundredDigit()
  20          {
  21   1        DigitalTubeSelect_0 = 0;
  22   1        DigitalTubeSelect_1 = 1;
  23   1        DigitalTubeSelect_2 = 0;
  24   1      }
  25          
  26          void setThousandDigit()
  27          {
  28   1        DigitalTubeSelect_0 = 1;
  29   1        DigitalTubeSelect_1 = 1;
  30   1        DigitalTubeSelect_2 = 0;
  31   1      }
  32          
  33          void setTenThousandDigit()
  34          {
  35   1        DigitalTubeSelect_0 = 0;
  36   1        DigitalTubeSelect_1 = 0;
  37   1        DigitalTubeSelect_2 = 1;
  38   1      }
  39          
  40          void setHundredThousandDigit()
  41          {
  42   1        DigitalTubeSelect_0 = 1;
  43   1        DigitalTubeSelect_1 = 0;
  44   1        DigitalTubeSelect_2 = 1;
  45   1      }
  46          
  47          void setMillionDigit()
  48          {
  49   1        DigitalTubeSelect_0 = 0;
  50   1        DigitalTubeSelect_1 = 1;
  51   1        DigitalTubeSelect_2 = 1;
  52   1      }
  53          void setTenMillionDigit()
  54          {
C51 COMPILER V9.54   DIGITALTUBE                                                           05/23/2022 08:48:23 PAGE 2   

  55   1        DigitalTubeSelect_0 = 1;
  56   1        DigitalTubeSelect_1 = 1;
  57   1        DigitalTubeSelect_2 = 1;
  58   1      }
  59          
  60          void clearDigitalTube()
  61          {
  62   1        Delay1ms_12MHz(200);
  63   1        DigitalTubeSegment = 0x00;
  64   1      }
  65          
  66          void DigitalTubeTest()
  67          {
  68   1        unsigned int i;
  69   1        unsigned int j;
  70   1        clearDigitalTube();
  71   1        Delay1ms_12MHz(600);
  72   1        DigitalTubeDecDigit[0]();
  73   1        //Display 0 - 9
  74   1        for(i = 0; i < 10; i++)
  75   1        {
  76   2          DigitalTubeSegment = ARABIC_NUMBER[i];
  77   2          Delay1ms_12MHz(400);
  78   2        }
  79   1        //Select digit
  80   1        for(j = 1; j < 9; j++)
  81   1        {
  82   2          DigitalTubeDecDigit[j]();
  83   2          Delay1ms_12MHz(400);
  84   2        }
  85   1      }


MODULE INFORMATION:   STATIC OVERLAYABLE
   CODE SIZE        =    170    ----
   CONSTANT SIZE    =   ----    ----
   XDATA SIZE       =   ----    ----
   PDATA SIZE       =   ----    ----
   DATA SIZE        =     34       4
   IDATA SIZE       =   ----    ----
   BIT SIZE         =   ----    ----
END OF MODULE INFORMATION.


C51 COMPILATION COMPLETE.  0 WARNING(S),  0 ERROR(S)
